0 info it worked if it ends with ok
1 verbose cli [ '/Users/gabriel/.nvm/versions/node/v6.1.0/bin/node',
1 verbose cli   '/Users/gabriel/.nvm/versions/node/v6.1.0/bin/npm',
1 verbose cli   'run',
1 verbose cli   'start' ]
2 info using npm@4.0.5
3 info using node@v6.1.0
4 verbose run-script [ 'prestart', 'start', 'poststart' ]
5 info lifecycle html-site@~prestart: html-site@
6 silly lifecycle html-site@~prestart: no script for prestart, continuing
7 info lifecycle html-site@~start: html-site@
8 verbose lifecycle html-site@~start: unsafe-perm in lifecycle true
9 verbose lifecycle html-site@~start: PATH: /Users/gabriel/.nvm/versions/node/v6.1.0/lib/node_modules/npm/bin/node-gyp-bin:/Users/gabriel/projects/cms-sites/html-site/node_modules/.bin:/Users/gabriel/.nvm/versions/node/v6.1.0/bin:/usr/bin:/bin:/usr/sbin:/sbin:/usr/local/bin
10 verbose lifecycle html-site@~start: CWD: /Users/gabriel/projects/cms-sites/html-site
11 silly lifecycle html-site@~start: Args: [ '-c', 'node server' ]
12 silly lifecycle html-site@~start: Returned: code: 1  signal: null
13 info lifecycle html-site@~start: Failed to exec start script
14 verbose stack Error: html-site@ start: `node server`
14 verbose stack Exit status 1
14 verbose stack     at EventEmitter.<anonymous> (/Users/gabriel/.nvm/versions/node/v6.1.0/lib/node_modules/npm/lib/utils/lifecycle.js:279:16)
14 verbose stack     at emitTwo (events.js:106:13)
14 verbose stack     at EventEmitter.emit (events.js:191:7)
14 verbose stack     at ChildProcess.<anonymous> (/Users/gabriel/.nvm/versions/node/v6.1.0/lib/node_modules/npm/lib/utils/spawn.js:40:14)
14 verbose stack     at emitTwo (events.js:106:13)
14 verbose stack     at ChildProcess.emit (events.js:191:7)
14 verbose stack     at maybeClose (internal/child_process.js:850:16)
14 verbose stack     at Process.ChildProcess._handle.onexit (internal/child_process.js:215:5)
15 verbose pkgid html-site@
16 verbose cwd /Users/gabriel/projects/cms-sites/html-site
17 error Darwin 13.4.0
18 error argv "/Users/gabriel/.nvm/versions/node/v6.1.0/bin/node" "/Users/gabriel/.nvm/versions/node/v6.1.0/bin/npm" "run" "start"
19 error node v6.1.0
20 error npm  v4.0.5
21 error code ELIFECYCLE
22 error html-site@ start: `node server`
22 error Exit status 1
23 error Failed at the html-site@ start script 'node server'.
23 error Make sure you have the latest version of node.js and npm installed.
23 error If you do, this is most likely a problem with the html-site package,
23 error not with npm itself.
23 error Tell the author that this fails on your system:
23 error     node server
23 error You can get information on how to open an issue for this project with:
23 error     npm bugs html-site
23 error Or if that isn't available, you can get their info via:
23 error     npm owner ls html-site
23 error There is likely additional logging output above.
24 verbose exit [ 1, true ]
